
commitPassiveMountOnFiber @ react-dom_client.js?v=a10de100:9984
recursivelyTraversePassiveMountEffects @ react-dom_client.js?v=a10de100:9868
commitPassiveMountOnFiber @ react-dom_client.js?v=a10de100:9881
recursivelyTraversePassiveMountEffects @ react-dom_client.js?v=a10de100:9868
commitPassiveMountOnFiber @ react-dom_client.js?v=a10de100:9881
recursivelyTraversePassiveMountEffects @ react-dom_client.js?v=a10de100:9868
commitPassiveMountOnFiber @ react-dom_client.js?v=a10de100:9881
recursivelyTraversePassiveMountEffects @ react-dom_client.js?v=a10de100:9868
commitPassiveMountOnFiber @ react-dom_client.js?v=a10de100:9984
recursivelyTraversePassiveMountEffects @ react-dom_client.js?v=a10de100:9868
commitPassiveMountOnFiber @ react-dom_client.js?v=a10de100:9881
recursivelyTraversePassiveMountEffects @ react-dom_client.js?v=a10de100:9868
commitPassiveMountOnFiber @ react-dom_client.js?v=a10de100:9984
recursivelyTraversePassiveMountEffects @ react-dom_client.js?v=a10de100:9868
commitPassiveMountOnFiber @ react-dom_client.js?v=a10de100:9899
flushPassiveEffects @ react-dom_client.js?v=a10de100:11302
flushPendingEffects @ react-dom_client.js?v=a10de100:11276
flushSpawnedWork @ react-dom_client.js?v=a10de100:11250
commitRoot @ react-dom_client.js?v=a10de100:11081
commitRootWhenReady @ react-dom_client.js?v=a10de100:10512
performWorkOnRoot @ react-dom_client.js?v=a10de100:10457
performSyncWorkOnRoot @ react-dom_client.js?v=a10de100:11635
flushSyncWorkAcrossRoots_impl @ react-dom_client.js?v=a10de100:11536
processRootScheduleInMicrotask @ react-dom_client.js?v=a10de100:11558
(anonymous) @ react-dom_client.js?v=a10de100:11649
<ColorSchemeSettings>
exports.jsxDEV @ react_jsx-dev-runtime.js?v=a10de100:250
renderSettingsContent @ SettingsPage.tsx:65
SettingsPage @ SettingsPage.tsx:107
react_stack_bottom_frame @ react-dom_client.js?v=a10de100:17424
renderWithHooksAgain @ react-dom_client.js?v=a10de100:4281
renderWithHooks @ react-dom_client.js?v=a10de100:4217
updateFunctionComponent @ react-dom_client.js?v=a10de100:6619
beginWork @ react-dom_client.js?v=a10de100:7654
runWithFiberInDEV @ react-dom_client.js?v=a10de100:1485
performUnitOfWork @ react-dom_client.js?v=a10de100:10868
workLoopSync @ react-dom_client.js?v=a10de100:10728
renderRootSync @ react-dom_client.js?v=a10de100:10711
performWorkOnRoot @ react-dom_client.js?v=a10de100:10330
performSyncWorkOnRoot @ react-dom_client.js?v=a10de100:11635
flushSyncWorkAcrossRoots_impl @ react-dom_client.js?v=a10de100:11536
processRootScheduleInMicrotask @ react-dom_client.js?v=a10de100:11558
(anonymous) @ react-dom_client.js?v=a10de100:11649
frontend-logger.ts:110 [6:56:30 PM.736] ⚠️ [WARN] 🔐 [AUTH] SECURITY: 🔐 Authentication Required (security, 9ms, status:401, code:AUTH_REQUIRED)
log @ frontend-logger.ts:110
warn @ frontend-logger.ts:133
security @ frontend-logger.ts:198
authError @ frontend-logger.ts:284
(anonymous) @ main-axios.ts:261
Promise.then
_request @ axios.js?v=a10de100:2288
request @ axios.js?v=a10de100:2197
Axios.<computed> @ axios.js?v=a10de100:2324
wrap @ axios.js?v=a10de100:8
getThemes @ main-axios.ts:2637
loadThemes @ ColorSchemeSettings.tsx:106
initializeSettings @ ColorSchemeSettings.tsx:83
(anonymous) @ ColorSchemeSettings.tsx:86
react_stack_bottom_frame @ react-dom_client.js?v=a10de100:17486
runWithFiberInDEV @ react-dom_client.js?v=a10de100:1485
commitHookEffectListMount @ react-dom_client.js?v=a10de100:8460
commitHookPassiveMountEffects @ react-dom_client.js?v=a10de100:8518
commitPassiveMountOnFiber @ react-dom_client.js?v=a10de100:9887
recursivelyTraversePassiveMountEffects @ react-dom_client.js?v=a10de100:9868
commitPassiveMountOnFiber @ react-dom_client.js?v=a10de100:9984
recursivelyTraversePassiveMountEffects @ react-dom_client.js?v=a10de100:9868
commitPassiveMountOnFiber @ react-dom_client.js?v=a10de100:9984
recursivelyTraversePassiveMountEffects @ react-dom_client.js?v=a10de100:9868
commitPassiveMountOnFiber @ react-dom_client.js?v=a10de100:9984
recursivelyTraversePassiveMountEffects @ react-dom_client.js?v=a10de100:9868
commitPassiveMountOnFiber @ react-dom_client.js?v=a10de100:9881
recursivelyTraversePassiveMountEffects @ react-dom_client.js?v=a10de100:9868
commitPassiveMountOnFiber @ react-dom_client.js?v=a10de100:9984
recursivelyTraversePassiveMountEffects @ react-dom_client.js?v=a10de100:9868
commitPassiveMountOnFiber @ react-dom_client.js?v=a10de100:9984
recursivelyTraversePassiveMountEffects @ react-dom_client.js?v=a10de100:9868
commitPassiveMountOnFiber @ react-dom_client.js?v=a10de100:9984
recursivelyTraversePassiveMountEffects @ react-dom_client.js?v=a10de100:9868
commitPassiveMountOnFiber @ react-dom_client.js?v=a10de100:9881
recursivelyTraversePassiveMountEffects @ react-dom_client.js?v=a10de100:9868
commitPassiveMountOnFiber @ react-dom_client.js?v=a10de100:9984
recursivelyTraversePassiveMountEffects @ react-dom_client.js?v=a10de100:9868
commitPassiveMountOnFiber @ react-dom_client.js?v=a10de100:9881
recursivelyTraversePassiveMountEffects @ react-dom_client.js?v=a10de100:9868
commitPassiveMountOnFiber @ react-dom_client.js?v=a10de100:9881
recursivelyTraversePassiveMountEffects @ react-dom_client.js?v=a10de100:9868
commitPassiveMountOnFiber @ react-dom_client.js?v=a10de100:9881
recursivelyTraversePassiveMountEffects @ react-dom_client.js?v=a10de100:9868
commitPassiveMountOnFiber @ react-dom_client.js?v=a10de100:9984
recursivelyTraversePassiveMountEffects @ react-dom_client.js?v=a10de100:9868
commitPassiveMountOnFiber @ react-dom_client.js?v=a10de100:9881
recursivelyTraversePassiveMountEffects @ react-dom_client.js?v=a10de100:9868
commitPassiveMountOnFiber @ react-dom_client.js?v=a10de100:9984
recursivelyTraversePassiveMountEffects @ react-dom_client.js?v=a10de100:9868
commitPassiveMountOnFiber @ react-dom_client.js?v=a10de100:9899
flushPassiveEffects @ react-dom_client.js?v=a10de100:11302
flushPendingEffects @ react-dom_client.js?v=a10de100:11276
flushSpawnedWork @ react-dom_client.js?v=a10de100:11250
commitRoot @ react-dom_client.js?v=a10de100:11081
commitRootWhenReady @ react-dom_client.js?v=a10de100:10512
performWorkOnRoot @ react-dom_client.js?v=a10de100:10457
performSyncWorkOnRoot @ react-dom_client.js?v=a10de100:11635
flushSyncWorkAcrossRoots_impl @ react-dom_client.js?v=a10de100:11536
processRootScheduleInMicrotask @ react-dom_client.js?v=a10de100:11558
(anonymous) @ react-dom_client.js?v=a10de100:11649
<ColorSchemeSettings>
exports.jsxDEV @ react_jsx-dev-runtime.js?v=a10de100:250
renderSettingsContent @ SettingsPage.tsx:65
SettingsPage @ SettingsPage.tsx:107
react_stack_bottom_frame @ react-dom_client.js?v=a10de100:17424
renderWithHooksAgain @ react-dom_client.js?v=a10de100:4281
renderWithHooks @ react-dom_client.js?v=a10de100:4217
updateFunctionComponent @ react-dom_client.js?v=a10de100:6619
beginWork @ react-dom_client.js?v=a10de100:7654
runWithFiberInDEV @ react-dom_client.js?v=a10de100:1485
performUnitOfWork @ react-dom_client.js?v=a10de100:10868
workLoopSync @ react-dom_client.js?v=a10de100:10728
renderRootSync @ react-dom_client.js?v=a10de100:10711
performWorkOnRoot @ react-dom_client.js?v=a10de100:10330
performSyncWorkOnRoot @ react-dom_client.js?v=a10de100:11635
flushSyncWorkAcrossRoots_impl @ react-dom_client.js?v=a10de100:11536
processRootScheduleInMicrotask @ react-dom_client.js?v=a10de100:11558
(anonymous) @ react-dom_client.js?v=a10de100:11649
frontend-logger.ts:110 [6:56:30 PM.737] ⚠️ [WARN] 🔐 [AUTH] Auth failed: GET /themes - User not authenticated (error_handling, status:401)
log @ frontend-logger.ts:110
warn @ frontend-logger.ts:133
handleApiError @ main-axios.ts:556
getThemes @ main-axios.ts:2640
await in getThemes
loadThemes @ ColorSchemeSettings.tsx:106
initializeSettings @ ColorSchemeSettings.tsx:83
(anonymous) @ ColorSchemeSettings.tsx:86
react_stack_bottom_frame @ react-dom_client.js?v=a10de100:17486
runWithFiberInDEV @ react-dom_client.js?v=a10de100:1485
commitHookEffectListMount @ react-dom_client.js?v=a10de100:8460
commitHookPassiveMountEffects @ react-dom_client.js?v=a10de100:8518
commitPassiveMountOnFiber @ react-dom_client.js?v=a10de100:9887
recursivelyTraversePassiveMountEffects @ react-dom_client.js?v=a10de100:9868
commitPassiveMountOnFiber @ react-dom_client.js?v=a10de100:9984
recursivelyTraversePassiveMountEffects @ react-dom_client.js?v=a10de100:9868
commitPassiveMountOnFiber @ react-dom_client.js?v=a10de100:9984
recursivelyTraversePassiveMountEffects @ react-dom_client.js?v=a10de100:9868
commitPassiveMountOnFiber @ react-dom_client.js?v=a10de100:9984
recursivelyTraversePassiveMountEffects @ react-dom_client.js?v=a10de100:9868
commitPassiveMountOnFiber @ react-dom_client.js?v=a10de100:9881
recursivelyTraversePassiveMountEffects @ react-dom_client.js?v=a10de100:9868
commitPassiveMountOnFiber @ react-dom_client.js?v=a10de100:9984
recursivelyTraversePassiveMountEffects @ react-dom_client.js?v=a10de100:9868
commitPassiveMountOnFiber @ react-dom_client.js?v=a10de100:9984
recursivelyTraversePassiveMountEffects @ react-dom_client.js?v=a10de100:9868
commitPassiveMountOnFiber @ react-dom_client.js?v=a10de100:9984
recursivelyTraversePassiveMountEffects @ react-dom_client.js?v=a10de100:9868
commitPassiveMountOnFiber @ react-dom_client.js?v=a10de100:9881
recursivelyTraversePassiveMountEffects @ react-dom_client.js?v=a10de100:9868
commitPassiveMountOnFiber @ react-dom_client.js?v=a10de100:9984
recursivelyTraversePassiveMountEffects @ react-dom_client.js?v=a10de100:9868
commitPassiveMountOnFiber @ react-dom_client.js?v=a10de100:9881
recursivelyTraversePassiveMountEffects @ react-dom_client.js?v=a10de100:9868
commitPassiveMountOnFiber @ react-dom_client.js?v=a10de100:9881
recursivelyTraversePassiveMountEffects @ react-dom_client.js?v=a10de100:9868
commitPassiveMountOnFiber @ react-dom_client.js?v=a10de100:9881
recursivelyTraversePassiveMountEffects @ react-dom_client.js?v=a10de100:9868
commitPassiveMountOnFiber @ react-dom_client.js?v=a10de100:9984
recursivelyTraversePassiveMountEffects @ react-dom_client.js?v=a10de100:9868
commitPassiveMountOnFiber @ react-dom_client.js?v=a10de100:9881
recursivelyTraversePassiveMountEffects @ react-dom_client.js?v=a10de100:9868
commitPassiveMountOnFiber @ react-dom_client.js?v=a10de100:9984
recursivelyTraversePassiveMountEffects @ react-dom_client.js?v=a10de100:9868
commitPassiveMountOnFiber @ react-dom_client.js?v=a10de100:9899
flushPassiveEffects @ react-dom_client.js?v=a10de100:11302
flushPendingEffects @ react-dom_client.js?v=a10de100:11276
flushSpawnedWork @ react-dom_client.js?v=a10de100:11250
commitRoot @ react-dom_client.js?v=a10de100:11081
commitRootWhenReady @ react-dom_client.js?v=a10de100:10512
performWorkOnRoot @ react-dom_client.js?v=a10de100:10457
performSyncWorkOnRoot @ react-dom_client.js?v=a10de100:11635
flushSyncWorkAcrossRoots_impl @ react-dom_client.js?v=a10de100:11536
processRootScheduleInMicrotask @ react-dom_client.js?v=a10de100:11558
(anonymous) @ react-dom_client.js?v=a10de100:11649
<ColorSchemeSettings>
exports.jsxDEV @ react_jsx-dev-runtime.js?v=a10de100:250
renderSettingsContent @ SettingsPage.tsx:65
SettingsPage @ SettingsPage.tsx:107
react_stack_bottom_frame @ react-dom_client.js?v=a10de100:17424
renderWithHooksAgain @ react-dom_client.js?v=a10de100:4281
renderWithHooks @ react-dom_client.js?v=a10de100:4217
updateFunctionComponent @ react-dom_client.js?v=a10de100:6619
beginWork @ react-dom_client.js?v=a10de100:7654
runWithFiberInDEV @ react-dom_client.js?v=a10de100:1485
performUnitOfWork @ react-dom_client.js?v=a10de100:10868
workLoopSync @ react-dom_client.js?v=a10de100:10728
renderRootSync @ react-dom_client.js?v=a10de100:10711
performWorkOnRoot @ react-dom_client.js?v=a10de100:10330
performSyncWorkOnRoot @ react-dom_client.js?v=a10de100:11635
flushSyncWorkAcrossRoots_impl @ react-dom_client.js?v=a10de100:11536
processRootScheduleInMicrotask @ react-dom_client.js?v=a10de100:11558
(anonymous) @ react-dom_client.js?v=a10de100:11649
ColorSchemeSettings.tsx:115 Failed to load themes: ApiError: Authentication required. Please log in again.
    at handleApiError (main-axios.ts:566:13)
    at getThemes (main-axios.ts:2640:5)
    at async loadThemes (ColorSchemeSettings.tsx:106:29)
    at async initializeSettings (ColorSchemeSettings.tsx:83:7)
loadThemes @ ColorSchemeSettings.tsx:115
await in loadThemes
initializeSettings @ ColorSchemeSettings.tsx:83
(anonymous) @ ColorSchemeSettings.tsx:86
react_stack_bottom_frame @ react-dom_client.js?v=a10de100:17486
runWithFiberInDEV @ react-dom_client.js?v=a10de100:1485
commitHookEffectListMount @ react-dom_client.js?v=a10de100:8460
commitHookPassiveMountEffects @ react-dom_client.js?v=a10de100:8518
commitPassiveMountOnFiber @ react-dom_client.js?v=a10de100:9887
recursivelyTraversePassiveMountEffects @ react-dom_client.js?v=a10de100:9868
commitPassiveMountOnFiber @ react-dom_client.js?v=a10de100:9984
recursivelyTraversePassiveMountEffects @ react-dom_client.js?v=a10de100:9868
commitPassiveMountOnFiber @ react-dom_client.js?v=a10de100:9984
recursivelyTraversePassiveMountEffects @ react-dom_client.js?v=a10de100:9868
commitPassiveMountOnFiber @ react-dom_client.js?v=a10de100:9984
recursivelyTraversePassiveMountEffects @ react-dom_client.js?v=a10de100:9868
commitPassiveMountOnFiber @ react-dom_client.js?v=a10de100:9881
recursivelyTraversePassiveMountEffects @ react-dom_client.js?v=a10de100:9868
commitPassiveMountOnFiber @ react-dom_client.js?v=a10de100:9984
recursivelyTraversePassiveMountEffects @ react-dom_client.js?v=a10de100:9868
commitPassiveMountOnFiber @ react-dom_client.js?v=a10de100:9984
recursivelyTraversePassiveMountEffects @ react-dom_client.js?v=a10de100:9868
commitPassiveMountOnFiber @ react-dom_client.js?v=a10de100:9984
recursivelyTraversePassiveMountEffects @ react-dom_client.js?v=a10de100:9868
commitPassiveMountOnFiber @ react-dom_client.js?v=a10de100:9881
recursivelyTraversePassiveMountEffects @ react-dom_client.js?v=a10de100:9868
commitPassiveMountOnFiber @ react-dom_client.js?v=a10de100:9984
recursivelyTraversePassiveMountEffects @ react-dom_client.js?v=a10de100:9868
commitPassiveMountOnFiber @ react-dom_client.js?v=a10de100:9881
recursivelyTraversePassiveMountEffects @ react-dom_client.js?v=a10de100:9868
commitPassiveMountOnFiber @ react-dom_client.js?v=a10de100:9881
recursivelyTraversePassiveMountEffects @ react-dom_client.js?v=a10de100:9868
commitPassiveMountOnFiber @ react-dom_client.js?v=a10de100:9881
recursivelyTraversePassiveMountEffects @ react-dom_client.js?v=a10de100:9868
commitPassiveMountOnFiber @ react-dom_client.js?v=a10de100:9984
recursivelyTraversePassiveMountEffects @ react-dom_client.js?v=a10de100:9868
commitPassiveMountOnFiber @ react-dom_client.js?v=a10de100:9881
recursivelyTraversePassiveMountEffects @ react-dom_client.js?v=a10de100:9868
commitPassiveMountOnFiber @ react-dom_client.js?v=a10de100:9984
recursivelyTraversePassiveMountEffects @ react-dom_client.js?v=a10de100:9868
commitPassiveMountOnFiber @ react-dom_client.js?v=a10de100:9899
flushPassiveEffects @ react-dom_client.js?v=a10de100:11302
flushPendingEffects @ react-dom_client.js?v=a10de100:11276
flushSpawnedWork @ react-dom_client.js?v=a10de100:11250
commitRoot @ react-dom_client.js?v=a10de100:11081
commitRootWhenReady @ react-dom_client.js?v=a10de100:10512
performWorkOnRoot @ react-dom_client.js?v=a10de100:10457
performSyncWorkOnRoot @ react-dom_client.js?v=a10de100:11635
flushSyncWorkAcrossRoots_impl @ react-dom_client.js?v=a10de100:11536
processRootScheduleInMicrotask @ react-dom_client.js?v=a10de100:11558
(anonymous) @ react-dom_client.js?v=a10de100:11649
<ColorSchemeSettings>
exports.jsxDEV @ react_jsx-dev-runtime.js?v=a10de100:250
renderSettingsContent @ SettingsPage.tsx:65
SettingsPage @ SettingsPage.tsx:107
react_stack_bottom_frame @ react-dom_client.js?v=a10de100:17424
renderWithHooksAgain @ react-dom_client.js?v=a10de100:4281
renderWithHooks @ react-dom_client.js?v=a10de100:4217
updateFunctionComponent @ react-dom_client.js?v=a10de100:6619
beginWork @ react-dom_client.js?v=a10de100:7654
runWithFiberInDEV @ react-dom_client.js?v=a10de100:1485
performUnitOfWork @ react-dom_client.js?v=a10de100:10868
workLoopSync @ react-dom_client.js?v=a10de100:10728
renderRootSync @ react-dom_client.js?v=a10de100:10711
performWorkOnRoot @ react-dom_client.js?v=a10de100:10330
performSyncWorkOnRoot @ react-dom_client.js?v=a10de100:11635
flushSyncWorkAcrossRoots_impl @ react-dom_client.js?v=a10de100:11536
processRootScheduleInMicrotask @ react-dom_client.js?v=a10de100:11558
(anonymous) @ react-dom_client.js?v=a10de100:11649
main-axios.ts:2637  GET http://localhost:30001/themes 401 (Unauthorized)
dispatchXhrRequest @ axios.js?v=a10de100:1683
xhr @ axios.js?v=a10de100:1560
dispatchRequest @ axios.js?v=a10de100:2085
Promise.then
_request @ axios.js?v=a10de100:2288
request @ axios.js?v=a10de100:2197
Axios.<computed> @ axios.js?v=a10de100:2324
wrap @ axios.js?v=a10de100:8
getThemes @ main-axios.ts:2637
loadThemes @ ColorSchemeSettings.tsx:106
initializeSettings @ ColorSchemeSettings.tsx:83
(anonymous) @ ColorSchemeSettings.tsx:86
react_stack_bottom_frame @ react-dom_client.js?v=a10de100:17486
runWithFiberInDEV @ react-dom_client.js?v=a10de100:1485
commitHookEffectListMount @ react-dom_client.js?v=a10de100:8460
commitHookPassiveMountEffects @ react-dom_client.js?v=a10de100:8518
reconnectPassiveEffects @ react-dom_client.js?v=a10de100:10016
doubleInvokeEffectsOnFiber @ react-dom_client.js?v=a10de100:11461
runWithFiberInDEV @ react-dom_client.js?v=a10de100:1485
recursivelyTraverseAndDoubleInvokeEffectsInDEV @ react-dom_client.js?v=a10de100:11432
recursivelyTraverseAndDoubleInvokeEffectsInDEV @ react-dom_client.js?v=a10de100:11438
recursivelyTraverseAndDoubleInvokeEffectsInDEV @ react-dom_client.js?v=a10de100:11438
recursivelyTraverseAndDoubleInvokeEffectsInDEV @ react-dom_client.js?v=a10de100:11438
recursivelyTraverseAndDoubleInvokeEffectsInDEV @ react-dom_client.js?v=a10de100:11438
recursivelyTraverseAndDoubleInvokeEffectsInDEV @ react-dom_client.js?v=a10de100:11438
recursivelyTraverseAndDoubleInvokeEffectsInDEV @ react-dom_client.js?v=a10de100:11438
recursivelyTraverseAndDoubleInvokeEffectsInDEV @ react-dom_client.js?v=a10de100:11438
recursivelyTraverseAndDoubleInvokeEffectsInDEV @ react-dom_client.js?v=a10de100:11438
recursivelyTraverseAndDoubleInvokeEffectsInDEV @ react-dom_client.js?v=a10de100:11438
recursivelyTraverseAndDoubleInvokeEffectsInDEV @ react-dom_client.js?v=a10de100:11438
recursivelyTraverseAndDoubleInvokeEffectsInDEV @ react-dom_client.js?v=a10de100:11438
recursivelyTraverseAndDoubleInvokeEffectsInDEV @ react-dom_client.js?v=a10de100:11438
recursivelyTraverseAndDoubleInvokeEffectsInDEV @ react-dom_client.js?v=a10de100:11438
recursivelyTraverseAndDoubleInvokeEffectsInDEV @ react-dom_client.js?v=a10de100:11438
recursivelyTraverseAndDoubleInvokeEffectsInDEV @ react-dom_client.js?v=a10de100:11438
commitDoubleInvokeEffectsInDEV @ react-dom_client.js?v=a10de100:11469
flushPassiveEffects @ react-dom_client.js?v=a10de100:11309
flushPendingEffects @ react-dom_client.js?v=a10de100:11276
flushSpawnedWork @ react-dom_client.js?v=a10de100:11250
commitRoot @ react-dom_client.js?v=a10de100:11081
commitRootWhenReady @ react-dom_client.js?v=a10de100:10512
performWorkOnRoot @ react-dom_client.js?v=a10de100:10457
performSyncWorkOnRoot @ react-dom_client.js?v=a10de100:11635
flushSyncWorkAcrossRoots_impl @ react-dom_client.js?v=a10de100:11536
processRootScheduleInMicrotask @ react-dom_client.js?v=a10de100:11558
(anonymous) @ react-dom_client.js?v=a10de100:11649
<ColorSchemeSettings>
exports.jsxDEV @ react_jsx-dev-runtime.js?v=a10de100:250
renderSettingsContent @ SettingsPage.tsx:65
SettingsPage @ SettingsPage.tsx:107
react_stack_bottom_frame @ react-dom_client.js?v=a10de100:17424
renderWithHooksAgain @ react-dom_client.js?v=a10de100:4281
renderWithHooks @ react-dom_client.js?v=a10de100:4217
updateFunctionComponent @ react-dom_client.js?v=a10de100:6619
beginWork @ react-dom_client.js?v=a10de100:7654
runWithFiberInDEV @ react-dom_client.js?v=a10de100:1485
performUnitOfWork @ react-dom_client.js?v=a10de100:10868
workLoopSync @ react-dom_client.js?v=a10de100:10728
renderRootSync @ react-dom_client.js?v=a10de100:10711
performWorkOnRoot @ react-dom_client.js?v=a10de100:10330
performSyncWorkOnRoot @ react-dom_client.js?v=a10de100:11635
flushSyncWorkAcrossRoots_impl @ react-dom_client.js?v=a10de100:11536
processRootScheduleInMicrotask @ react-dom_client.js?v=a10de100:11558
(anonymous) @ react-dom_client.js?v=a10de100:11649
frontend-logger.ts:110 [6:56:30 PM.775] ⚠️ [WARN] 🔐 [AUTH] SECURITY: 🔐 Authentication Required (security, 48ms, status:401, code:AUTH_REQUIRED)
log @ frontend-logger.ts:110
warn @ frontend-logger.ts:133
security @ frontend-logger.ts:198
authError @ frontend-logger.ts:284
(anonymous) @ main-axios.ts:261
Promise.then
_request @ axios.js?v=a10de100:2288
request @ axios.js?v=a10de100:2197
Axios.<computed> @ axios.js?v=a10de100:2324
wrap @ axios.js?v=a10de100:8
getThemes @ main-axios.ts:2637
loadThemes @ ColorSchemeSettings.tsx:106
initializeSettings @ ColorSchemeSettings.tsx:83
(anonymous) @ ColorSchemeSettings.tsx:86
react_stack_bottom_frame @ react-dom_client.js?v=a10de100:17486
runWithFiberInDEV @ react-dom_client.js?v=a10de100:1485
commitHookEffectListMount @ react-dom_client.js?v=a10de100:8460
commitHookPassiveMountEffects @ react-dom_client.js?v=a10de100:8518
reconnectPassiveEffects @ react-dom_client.js?v=a10de100:10016
doubleInvokeEffectsOnFiber @ react-dom_client.js?v=a10de100:11461
runWithFiberInDEV @ react-dom_client.js?v=a10de100:1485
recursivelyTraverseAndDoubleInvokeEffectsInDEV @ react-dom_client.js?v=a10de100:11432
recursivelyTraverseAndDoubleInvokeEffectsInDEV @ react-dom_client.js?v=a10de100:11438
recursivelyTraverseAndDoubleInvokeEffectsInDEV @ react-dom_client.js?v=a10de100:11438
recursivelyTraverseAndDoubleInvokeEffectsInDEV @ react-dom_client.js?v=a10de100:11438
recursivelyTraverseAndDoubleInvokeEffectsInDEV @ react-dom_client.js?v=a10de100:11438
recursivelyTraverseAndDoubleInvokeEffectsInDEV @ react-dom_client.js?v=a10de100:11438
recursivelyTraverseAndDoubleInvokeEffectsInDEV @ react-dom_client.js?v=a10de100:11438
recursivelyTraverseAndDoubleInvokeEffectsInDEV @ react-dom_client.js?v=a10de100:11438
recursivelyTraverseAndDoubleInvokeEffectsInDEV @ react-dom_client.js?v=a10de100:11438
recursivelyTraverseAndDoubleInvokeEffectsInDEV @ react-dom_client.js?v=a10de100:11438
recursivelyTraverseAndDoubleInvokeEffectsInDEV @ react-dom_client.js?v=a10de100:11438
recursivelyTraverseAndDoubleInvokeEffectsInDEV @ react-dom_client.js?v=a10de100:11438
recursivelyTraverseAndDoubleInvokeEffectsInDEV @ react-dom_client.js?v=a10de100:11438
recursivelyTraverseAndDoubleInvokeEffectsInDEV @ react-dom_client.js?v=a10de100:11438
recursivelyTraverseAndDoubleInvokeEffectsInDEV @ react-dom_client.js?v=a10de100:11438
recursivelyTraverseAndDoubleInvokeEffectsInDEV @ react-dom_client.js?v=a10de100:11438
commitDoubleInvokeEffectsInDEV @ react-dom_client.js?v=a10de100:11469
flushPassiveEffects @ react-dom_client.js?v=a10de100:11309
flushPendingEffects @ react-dom_client.js?v=a10de100:11276
flushSpawnedWork @ react-dom_client.js?v=a10de100:11250
commitRoot @ react-dom_client.js?v=a10de100:11081
commitRootWhenReady @ react-dom_client.js?v=a10de100:10512
performWorkOnRoot @ react-dom_client.js?v=a10de100:10457
performSyncWorkOnRoot @ react-dom_client.js?v=a10de100:11635
flushSyncWorkAcrossRoots_impl @ react-dom_client.js?v=a10de100:11536
processRootScheduleInMicrotask @ react-dom_client.js?v=a10de100:11558
(anonymous) @ react-dom_client.js?v=a10de100:11649
<ColorSchemeSettings>
exports.jsxDEV @ react_jsx-dev-runtime.js?v=a10de100:250
renderSettingsContent @ SettingsPage.tsx:65
SettingsPage @ SettingsPage.tsx:107
react_stack_bottom_frame @ react-dom_client.js?v=a10de100:17424
renderWithHooksAgain @ react-dom_client.js?v=a10de100:4281
renderWithHooks @ react-dom_client.js?v=a10de100:4217
updateFunctionComponent @ react-dom_client.js?v=a10de100:6619
beginWork @ react-dom_client.js?v=a10de100:7654
runWithFiberInDEV @ react-dom_client.js?v=a10de100:1485
performUnitOfWork @ react-dom_client.js?v=a10de100:10868
workLoopSync @ react-dom_client.js?v=a10de100:10728
renderRootSync @ react-dom_client.js?v=a10de100:10711
performWorkOnRoot @ react-dom_client.js?v=a10de100:10330
performSyncWorkOnRoot @ react-dom_client.js?v=a10de100:11635
flushSyncWorkAcrossRoots_impl @ react-dom_client.js?v=a10de100:11536
processRootScheduleInMicrotask @ react-dom_client.js?v=a10de100:11558
(anonymous) @ react-dom_client.js?v=a10de100:11649
frontend-logger.ts:110 [6:56:30 PM.775] ⚠️ [WARN] 🔐 [AUTH] Auth failed: GET /themes - User not authenticated (error_handling, status:401)
log @ frontend-logger.ts:110
warn @ frontend-logger.ts:133
handleApiError @ main-axios.ts:556
getThemes @ main-axios.ts:2640
await in getThemes
loadThemes @ ColorSchemeSettings.tsx:106
initializeSettings @ ColorSchemeSettings.tsx:83
(anonymous) @ ColorSchemeSettings.tsx:86
react_stack_bottom_frame @ react-dom_client.js?v=a10de100:17486
runWithFiberInDEV @ react-dom_client.js?v=a10de100:1485
commitHookEffectListMount @ react-dom_client.js?v=a10de100:8460
commitHookPassiveMountEffects @ react-dom_client.js?v=a10de100:8518
reconnectPassiveEffects @ react-dom_client.js?v=a10de100:10016
doubleInvokeEffectsOnFiber @ react-dom_client.js?v=a10de100:11461
runWithFiberInDEV @ react-dom_client.js?v=a10de100:1485
recursivelyTraverseAndDoubleInvokeEffectsInDEV @ react-dom_client.js?v=a10de100:11432
recursivelyTraverseAndDoubleInvokeEffectsInDEV @ react-dom_client.js?v=a10de100:11438
recursivelyTraverseAndDoubleInvokeEffectsInDEV @ react-dom_client.js?v=a10de100:11438
recursivelyTraverseAndDoubleInvokeEffectsInDEV @ react-dom_client.js?v=a10de100:11438
recursivelyTraverseAndDoubleInvokeEffectsInDEV @ react-dom_client.js?v=a10de100:11438
recursivelyTraverseAndDoubleInvokeEffectsInDEV @ react-dom_client.js?v=a10de100:11438
recursivelyTraverseAndDoubleInvokeEffectsInDEV @ react-dom_client.js?v=a10de100:11438
recursivelyTraverseAndDoubleInvokeEffectsInDEV @ react-dom_client.js?v=a10de100:11438
recursivelyTraverseAndDoubleInvokeEffectsInDEV @ react-dom_client.js?v=a10de100:11438
recursivelyTraverseAndDoubleInvokeEffectsInDEV @ react-dom_client.js?v=a10de100:11438
recursivelyTraverseAndDoubleInvokeEffectsInDEV @ react-dom_client.js?v=a10de100:11438
recursivelyTraverseAndDoubleInvokeEffectsInDEV @ react-dom_client.js?v=a10de100:11438
recursivelyTraverseAndDoubleInvokeEffectsInDEV @ react-dom_client.js?v=a10de100:11438
recursivelyTraverseAndDoubleInvokeEffectsInDEV @ react-dom_client.js?v=a10de100:11438
recursivelyTraverseAndDoubleInvokeEffectsInDEV @ react-dom_client.js?v=a10de100:11438
recursivelyTraverseAndDoubleInvokeEffectsInDEV @ react-dom_client.js?v=a10de100:11438
commitDoubleInvokeEffectsInDEV @ react-dom_client.js?v=a10de100:11469
flushPassiveEffects @ react-dom_client.js?v=a10de100:11309
flushPendingEffects @ react-dom_client.js?v=a10de100:11276
flushSpawnedWork @ react-dom_client.js?v=a10de100:11250
commitRoot @ react-dom_client.js?v=a10de100:11081
commitRootWhenReady @ react-dom_client.js?v=a10de100:10512
performWorkOnRoot @ react-dom_client.js?v=a10de100:10457
performSyncWorkOnRoot @ react-dom_client.js?v=a10de100:11635
flushSyncWorkAcrossRoots_impl @ react-dom_client.js?v=a10de100:11536
processRootScheduleInMicrotask @ react-dom_client.js?v=a10de100:11558
(anonymous) @ react-dom_client.js?v=a10de100:11649
<ColorSchemeSettings>
exports.jsxDEV @ react_jsx-dev-runtime.js?v=a10de100:250
renderSettingsContent @ SettingsPage.tsx:65
SettingsPage @ SettingsPage.tsx:107
react_stack_bottom_frame @ react-dom_client.js?v=a10de100:17424
renderWithHooksAgain @ react-dom_client.js?v=a10de100:4281
renderWithHooks @ react-dom_client.js?v=a10de100:4217
updateFunctionComponent @ react-dom_client.js?v=a10de100:6619
beginWork @ react-dom_client.js?v=a10de100:7654
runWithFiberInDEV @ react-dom_client.js?v=a10de100:1485
performUnitOfWork @ react-dom_client.js?v=a10de100:10868
workLoopSync @ react-dom_client.js?v=a10de100:10728
renderRootSync @ react-dom_client.js?v=a10de100:10711
performWorkOnRoot @ react-dom_client.js?v=a10de100:10330
performSyncWorkOnRoot @ react-dom_client.js?v=a10de100:11635
flushSyncWorkAcrossRoots_impl @ react-dom_client.js?v=a10de100:11536
processRootScheduleInMicrotask @ react-dom_client.js?v=a10de100:11558
(anonymous) @ react-dom_client.js?v=a10de100:11649
ColorSchemeSettings.tsx:115 Failed to load themes: ApiError: Authentication required. Please log in again.
    at handleApiError (main-axios.ts:566:13)
    at getThemes (main-axios.ts:2640:5)
    at async loadThemes (ColorSchemeSettings.tsx:106:29)
    at async initializeSettings (ColorSchemeSettings.tsx:83:7)
loadThemes @ ColorSchemeSettings.tsx:115
await in loadThemes
initializeSettings @ ColorSchemeSettings.tsx:83
(anonymous) @ ColorSchemeSettings.tsx:86
react_stack_bottom_frame @ react-dom_client.js?v=a10de100:17486
runWithFiberInDEV @ react-dom_client.js?v=a10de100:1485
commitHookEffectListMount @ react-dom_client.js?v=a10de100:8460
commitHookPassiveMountEffects @ react-dom_client.js?v=a10de100:8518
reconnectPassiveEffects @ react-dom_client.js?v=a10de100:10016
doubleInvokeEffectsOnFiber @ react-dom_client.js?v=a10de100:11461
runWithFiberInDEV @ react-dom_client.js?v=a10de100:1485
recursivelyTraverseAndDoubleInvokeEffectsInDEV @ react-dom_client.js?v=a10de100:11432
recursivelyTraverseAndDoubleInvokeEffectsInDEV @ react-dom_client.js?v=a10de100:11438
recursivelyTraverseAndDoubleInvokeEffectsInDEV @ react-dom_client.js?v=a10de100:11438
recursivelyTraverseAndDoubleInvokeEffectsInDEV @ react-dom_client.js?v=a10de100:11438
recursivelyTraverseAndDoubleInvokeEffectsInDEV @ react-dom_client.js?v=a10de100:11438
recursivelyTraverseAndDoubleInvokeEffectsInDEV @ react-dom_client.js?v=a10de100:11438
recursivelyTraverseAndDoubleInvokeEffectsInDEV @ react-dom_client.js?v=a10de100:11438
recursivelyTraverseAndDoubleInvokeEffectsInDEV @ react-dom_client.js?v=a10de100:11438
recursivelyTraverseAndDoubleInvokeEffectsInDEV @ react-dom_client.js?v=a10de100:11438
recursivelyTraverseAndDoubleInvokeEffectsInDEV @ react-dom_client.js?v=a10de100:11438
recursivelyTraverseAndDoubleInvokeEffectsInDEV @ react-dom_client.js?v=a10de100:11438
recursivelyTraverseAndDoubleInvokeEffectsInDEV @ react-dom_client.js?v=a10de100:11438
recursivelyTraverseAndDoubleInvokeEffectsInDEV @ react-dom_client.js?v=a10de100:11438
recursivelyTraverseAndDoubleInvokeEffectsInDEV @ react-dom_client.js?v=a10de100:11438
recursivelyTraverseAndDoubleInvokeEffectsInDEV @ react-dom_client.js?v=a10de100:11438
recursivelyTraverseAndDoubleInvokeEffectsInDEV @ react-dom_client.js?v=a10de100:11438
commitDoubleInvokeEffectsInDEV @ react-dom_client.js?v=a10de100:11469
flushPassiveEffects @ react-dom_client.js?v=a10de100:11309
flushPendingEffects @ react-dom_client.js?v=a10de100:11276
flushSpawnedWork @ react-dom_client.js?v=a10de100:11250
commitRoot @ react-dom_client.js?v=a10de100:11081
commitRootWhenReady @ react-dom_client.js?v=a10de100:10512
performWorkOnRoot @ react-dom_client.js?v=a10de100:10457
performSyncWorkOnRoot @ react-dom_client.js?v=a10de100:11635
flushSyncWorkAcrossRoots_impl @ react-dom_client.js?v=a10de100:11536
processRootScheduleInMicrotask @ react-dom_client.js?v=a10de100:11558
(anonymous) @ react-dom_client.js?v=a10de100:11649
<ColorSchemeSettings>
exports.jsxDEV @ react_jsx-dev-runtime.js?v=a10de100:250
renderSettingsContent @ SettingsPage.tsx:65
SettingsPage @ SettingsPage.tsx:107
react_stack_bottom_frame @ react-dom_client.js?v=a10de100:17424
renderWithHooksAgain @ react-dom_client.js?v=a10de100:4281
renderWithHooks @ react-dom_client.js?v=a10de100:4217
updateFunctionComponent @ react-dom_client.js?v=a10de100:6619
beginWork @ react-dom_client.js?v=a10de100:7654
runWithFiberInDEV @ react-dom_client.js?v=a10de100:1485
performUnitOfWork @ react-dom_client.js?v=a10de100:10868
workLoopSync @ react-dom_client.js?v=a10de100:10728
renderRootSync @ react-dom_client.js?v=a10de100:10711
performWorkOnRoot @ react-dom_client.js?v=a10de100:10330
performSyncWorkOnRoot @ react-dom_client.js?v=a10de100:11635
flushSyncWorkAcrossRoots_impl @ react-dom_client.js?v=a10de100:11536
processRootScheduleInMicrotask @ react-dom_client.js?v=a10de100:11558
(anonymous) @ react-dom_client.js?v=a10de100:11649
